2025-10-13T16:03:58.658+05:30  INFO 12324 --- [Amazon] [main] com.example.AmazonApplication            : Starting AmazonApplication using Java 21.0.7 with PID 12324 (D:\Java 2025\Project\Amazon\target\classes started by saich in D:\Java 2025\Project\Amazon)
2025-10-13T16:03:58.660+05:30  INFO 12324 --- [Amazon] [main] com.example.AmazonApplication            : No active profile set, falling back to 1 default profile: "default"
2025-10-13T16:03:59.172+05:30  INFO 12324 --- [Amazon] [main] .s.d.r.c.RepositoryConfigurationDelegate : Bootstrapping Spring Data JPA repositories in DEFAULT mode.
2025-10-13T16:03:59.208+05:30  INFO 12324 --- [Amazon] [main] .s.d.r.c.RepositoryConfigurationDelegate : Finished Spring Data repository scanning in 29 ms. Found 1 JPA repository interface.
2025-10-13T16:03:59.521+05:30  INFO 12324 --- [Amazon] [main] o.s.b.w.embedded.tomcat.TomcatWebServer  : Tomcat initialized with port 8081 (http)
2025-10-13T16:03:59.530+05:30  INFO 12324 --- [Amazon] [main] o.apache.catalina.core.StandardService   : Starting service [Tomcat]
2025-10-13T16:03:59.531+05:30  INFO 12324 --- [Amazon] [main] o.apache.catalina.core.StandardEngine    : Starting Servlet engine: [Apache Tomcat/10.1.46]
2025-10-13T16:03:59.679+05:30  INFO 12324 --- [Amazon] [main] org.apache.jasper.servlet.TldScanner     : At least one JAR was scanned for TLDs yet contained no TLDs. Enable debug logging for this logger for a complete list of JARs that were scanned but no TLDs were found in them. Skipping unneeded JARs during scanning can improve startup time and JSP compilation time.
2025-10-13T16:03:59.684+05:30  INFO 12324 --- [Amazon] [main] o.a.c.c.C.[Tomcat].[localhost].[/]       : Initializing Spring embedded WebApplicationContext
2025-10-13T16:03:59.685+05:30  INFO 12324 --- [Amazon] [main] w.s.c.ServletWebServerApplicationContext : Root WebApplicationContext: initialization completed in 989 ms
2025-10-13T16:03:59.781+05:30  INFO 12324 --- [Amazon] [main] com.zaxxer.hikari.HikariDataSource       : HikariPool-1 - Starting...
2025-10-13T16:03:59.908+05:30  INFO 12324 --- [Amazon] [main] com.zaxxer.hikari.pool.HikariPool        : HikariPool-1 - Added connection conn0: url=jdbc:h2:mem:acc7c877-739c-4fa3-9e15-1451987753ce user=SA
2025-10-13T16:03:59.909+05:30  INFO 12324 --- [Amazon] [main] com.zaxxer.hikari.HikariDataSource       : HikariPool-1 - Start completed.
2025-10-13T16:03:59.939+05:30  INFO 12324 --- [Amazon] [main] o.hibernate.jpa.internal.util.LogHelper  : HHH000204: Processing PersistenceUnitInfo [name: default]
2025-10-13T16:03:59.969+05:30  INFO 12324 --- [Amazon] [main] org.hibernate.Version                    : HHH000412: Hibernate ORM core version 6.6.29.Final
2025-10-13T16:03:59.993+05:30  INFO 12324 --- [Amazon] [main] o.h.c.internal.RegionFactoryInitiator    : HHH000026: Second-level cache disabled
2025-10-13T16:04:00.171+05:30  INFO 12324 --- [Amazon] [main] o.s.o.j.p.SpringPersistenceUnitInfo      : No LoadTimeWeaver setup: ignoring JPA class transformer
2025-10-13T16:04:00.219+05:30  INFO 12324 --- [Amazon] [main] org.hibernate.orm.connections.pooling    : HHH10001005: Database info:
	Database JDBC URL [Connecting through datasource 'HikariDataSource (HikariPool-1)']
	Database driver: undefined/unknown
	Database version: 2.3.232
	Autocommit mode: undefined/unknown
	Isolation level: undefined/unknown
	Minimum pool size: undefined/unknown
	Maximum pool size: undefined/unknown
2025-10-13T16:04:00.743+05:30  INFO 12324 --- [Amazon] [main] o.h.e.t.j.p.i.JtaPlatformInitiator       : HHH000489: No JTA platform available (set 'hibernate.transaction.jta.platform' to enable JTA platform integration)
2025-10-13T16:04:00.770+05:30  INFO 12324 --- [Amazon] [main] j.LocalContainerEntityManagerFactoryBean : Initialized JPA EntityManagerFactory for persistence unit 'default'
2025-10-13T16:04:00.977+05:30  WARN 12324 --- [Amazon] [main] JpaBaseConfiguration$JpaWebConfiguration : spring.jpa.open-in-view is enabled by default. Therefore, database queries may be performed during view rendering. Explicitly configure spring.jpa.open-in-view to disable this warning
2025-10-13T16:04:01.275+05:30  WARN 12324 --- [Amazon] [main] ConfigServletWebServerApplicationContext : Exception encountered during context initialization - cancelling refresh attempt: org.springframework.context.ApplicationContextException: Failed to start bean 'webServerStartStop'
2025-10-13T16:04:01.277+05:30  INFO 12324 --- [Amazon] [main] j.LocalContainerEntityManagerFactoryBean : Closing JPA EntityManagerFactory for persistence unit 'default'
2025-10-13T16:04:01.279+05:30  INFO 12324 --- [Amazon] [main] com.zaxxer.hikari.HikariDataSource       : HikariPool-1 - Shutdown initiated...
2025-10-13T16:04:01.281+05:30  INFO 12324 --- [Amazon] [main] com.zaxxer.hikari.HikariDataSource       : HikariPool-1 - Shutdown completed.
2025-10-13T16:04:01.290+05:30  INFO 12324 --- [Amazon] [main] .s.b.a.l.ConditionEvaluationReportLogger : 

Error starting ApplicationContext. To display the condition evaluation report re-run your application with 'debug' enabled.
2025-10-13T16:04:01.301+05:30 ERROR 12324 --- [Amazon] [main] o.s.b.d.LoggingFailureAnalysisReporter   : 

***************************
APPLICATION FAILED TO START
***************************

Description:

Web server failed to start. Port 8081 was already in use.

Action:

Identify and stop the process that's listening on port 8081 or configure this application to listen on another port.

2025-10-13T16:04:23.555+05:30  INFO 16776 --- [Amazon] [main] com.example.AmazonApplication            : Starting AmazonApplication using Java 21.0.7 with PID 16776 (D:\Java 2025\Project\Amazon\target\classes started by saich in D:\Java 2025\Project\Amazon)
2025-10-13T16:04:23.557+05:30  INFO 16776 --- [Amazon] [main] com.example.AmazonApplication            : No active profile set, falling back to 1 default profile: "default"
2025-10-13T16:04:24.047+05:30  INFO 16776 --- [Amazon] [main] .s.d.r.c.RepositoryConfigurationDelegate : Bootstrapping Spring Data JPA repositories in DEFAULT mode.
2025-10-13T16:04:24.086+05:30  INFO 16776 --- [Amazon] [main] .s.d.r.c.RepositoryConfigurationDelegate : Finished Spring Data repository scanning in 33 ms. Found 1 JPA repository interface.
2025-10-13T16:04:24.399+05:30  INFO 16776 --- [Amazon] [main] o.s.b.w.embedded.tomcat.TomcatWebServer  : Tomcat initialized with port 8081 (http)
2025-10-13T16:04:24.409+05:30  INFO 16776 --- [Amazon] [main] o.apache.catalina.core.StandardService   : Starting service [Tomcat]
2025-10-13T16:04:24.409+05:30  INFO 16776 --- [Amazon] [main] o.apache.catalina.core.StandardEngine    : Starting Servlet engine: [Apache Tomcat/10.1.46]
2025-10-13T16:04:24.544+05:30  INFO 16776 --- [Amazon] [main] org.apache.jasper.servlet.TldScanner     : At least one JAR was scanned for TLDs yet contained no TLDs. Enable debug logging for this logger for a complete list of JARs that were scanned but no TLDs were found in them. Skipping unneeded JARs during scanning can improve startup time and JSP compilation time.
2025-10-13T16:04:24.548+05:30  INFO 16776 --- [Amazon] [main] o.a.c.c.C.[Tomcat].[localhost].[/]       : Initializing Spring embedded WebApplicationContext
2025-10-13T16:04:24.549+05:30  INFO 16776 --- [Amazon] [main] w.s.c.ServletWebServerApplicationContext : Root WebApplicationContext: initialization completed in 958 ms
2025-10-13T16:04:24.637+05:30  INFO 16776 --- [Amazon] [main] com.zaxxer.hikari.HikariDataSource       : HikariPool-1 - Starting...
2025-10-13T16:04:24.771+05:30  INFO 16776 --- [Amazon] [main] com.zaxxer.hikari.pool.HikariPool        : HikariPool-1 - Added connection conn0: url=jdbc:h2:mem:ac9c6b07-5634-4351-8d68-ef066956e996 user=SA
2025-10-13T16:04:24.772+05:30  INFO 16776 --- [Amazon] [main] com.zaxxer.hikari.HikariDataSource       : HikariPool-1 - Start completed.
2025-10-13T16:04:24.800+05:30  INFO 16776 --- [Amazon] [main] o.hibernate.jpa.internal.util.LogHelper  : HHH000204: Processing PersistenceUnitInfo [name: default]
2025-10-13T16:04:24.831+05:30  INFO 16776 --- [Amazon] [main] org.hibernate.Version                    : HHH000412: Hibernate ORM core version 6.6.29.Final
2025-10-13T16:04:24.854+05:30  INFO 16776 --- [Amazon] [main] o.h.c.internal.RegionFactoryInitiator    : HHH000026: Second-level cache disabled
2025-10-13T16:04:25.024+05:30  INFO 16776 --- [Amazon] [main] o.s.o.j.p.SpringPersistenceUnitInfo      : No LoadTimeWeaver setup: ignoring JPA class transformer
2025-10-13T16:04:25.081+05:30  INFO 16776 --- [Amazon] [main] org.hibernate.orm.connections.pooling    : HHH10001005: Database info:
	Database JDBC URL [Connecting through datasource 'HikariDataSource (HikariPool-1)']
	Database driver: undefined/unknown
	Database version: 2.3.232
	Autocommit mode: undefined/unknown
	Isolation level: undefined/unknown
	Minimum pool size: undefined/unknown
	Maximum pool size: undefined/unknown
2025-10-13T16:04:25.605+05:30  INFO 16776 --- [Amazon] [main] o.h.e.t.j.p.i.JtaPlatformInitiator       : HHH000489: No JTA platform available (set 'hibernate.transaction.jta.platform' to enable JTA platform integration)
2025-10-13T16:04:25.630+05:30  INFO 16776 --- [Amazon] [main] j.LocalContainerEntityManagerFactoryBean : Initialized JPA EntityManagerFactory for persistence unit 'default'
2025-10-13T16:04:25.832+05:30  WARN 16776 --- [Amazon] [main] JpaBaseConfiguration$JpaWebConfiguration : spring.jpa.open-in-view is enabled by default. Therefore, database queries may be performed during view rendering. Explicitly configure spring.jpa.open-in-view to disable this warning
2025-10-13T16:04:26.149+05:30  INFO 16776 --- [Amazon] [main] o.s.b.w.embedded.tomcat.TomcatWebServer  : Tomcat started on port 8081 (http) with context path '/'
2025-10-13T16:04:26.155+05:30  INFO 16776 --- [Amazon] [main] com.example.AmazonApplication            : Started AmazonApplication in 2.911 seconds (process running for 3.332)
2025-10-13T16:23:24.258+05:30  WARN 16776 --- [Amazon] [HikariPool-1:housekeeper] com.zaxxer.hikari.pool.HikariPool        : HikariPool-1 - Thread starvation or clock leap detected (housekeeper delta=1m29s150ms567µs100ns).
2025-10-13T16:54:07.358+05:30  INFO 16776 --- [Amazon] [RMI TCP Connection(59)-127.0.0.1] inMXBeanRegistrar$SpringApplicationAdmin : Application shutdown requested.
2025-10-13T16:54:07.374+05:30  INFO 16776 --- [Amazon] [RMI TCP Connection(59)-127.0.0.1] o.s.b.w.e.tomcat.GracefulShutdown        : Commencing graceful shutdown. Waiting for active requests to complete
2025-10-13T16:54:07.391+05:30  INFO 16776 --- [Amazon] [tomcat-shutdown] o.s.b.w.e.tomcat.GracefulShutdown        : Graceful shutdown complete
2025-10-13T16:54:07.398+05:30  INFO 16776 --- [Amazon] [RMI TCP Connection(59)-127.0.0.1] j.LocalContainerEntityManagerFactoryBean : Closing JPA EntityManagerFactory for persistence unit 'default'
2025-10-13T16:54:07.406+05:30  INFO 16776 --- [Amazon] [RMI TCP Connection(59)-127.0.0.1] com.zaxxer.hikari.HikariDataSource       : HikariPool-1 - Shutdown initiated...
2025-10-13T16:54:07.409+05:30  INFO 16776 --- [Amazon] [RMI TCP Connection(59)-127.0.0.1] com.zaxxer.hikari.HikariDataSource       : HikariPool-1 - Shutdown completed.
